<?xml version="1.0" encoding="UTF-8"?>
<testng-results ignored="0" total="1" passed="1" failed="0" skipped="0">
  <reporter-output>
  </reporter-output>
  <suite started-at="2023-02-08T11:26:33Z" name="Default suite" finished-at="2023-02-08T11:26:34Z" duration-ms="431">
    <groups>
    </groups>
    <test started-at="2023-02-08T11:26:33Z" name="Default test" finished-at="2023-02-08T11:26:34Z" duration-ms="431">
      <class name="com.extentreports.tests.ExtentReportsFive">
        <test-method signature="extentTest()[pri:0, instance:com.extentreports.tests.ExtentReportsFive@7c8c9a05]" started-at="2023-02-08T11:26:33Z" name="extentTest" finished-at="2023-02-08T11:26:34Z" duration-ms="412" status="PASS">
          <reporter-output>
          </reporter-output>
        </test-method> <!-- extentTest -->
      </class> <!-- com.extentreports.tests.ExtentReportsFive -->
    </test> <!-- Default test -->
  </suite> <!-- Default suite -->
</testng-results>
